<?xml version="1.0" encoding="UTF-8"?>
<testsuite name="SimpleJUnitTest" tests="3" skipped="0" failures="0" errors="0" timestamp="2025-06-15T10:24:36" hostname="WIN-93OOUG3KSUQ" time="0.117">
  <properties/>
  <testcase name="thirdTest()" classname="SimpleJUnitTest" time="0.044"/>
  <testcase name="firstTest()" classname="SimpleJUnitTest" time="0.042"/>
  <testcase name="secondTest()" classname="SimpleJUnitTest" time="0.009"/>
  <system-out><![CDATA[
###  beforeAll()

###   beforeEach()
###   thirdTest()
###   afterEach()

###   beforeEach()
###   firstTest()
###   afterEach()

###   beforeEach()
###   secondTest()
###   afterEach()

###  afterAll()

]]></system-out>
  <system-err><![CDATA[]]></system-err>
</testsuite>
