<?xml version="1.0" encoding="UTF-8"?>
<testsuite name="tests.PracticeFormTests" tests="1" skipped="0" failures="0" errors="0" timestamp="2025-06-18T11:27:21" hostname="WIN-93OOUG3KSUQ" time="14.284">
  <properties/>
  <testcase name="fillFormTests()" classname="tests.PracticeFormTests" time="14.284"/>
  <system-out><![CDATA[]]></system-out>
  <system-err><![CDATA[SLF4J(W): No SLF4J providers were found.
SLF4J(W): Defaulting to no-operation (NOP) logger implementation
SLF4J(W): See https://www.slf4j.org/codes.html#noProviders for further details.
]]></system-err>
</testsuite>
